2014-09-25 10:07:17 INFO  FunctionLibrary:35 - Selecting Test Scenario From Controller File
2014-09-25 10:07:17 INFO  FunctionLibrary:42 - Navigate To Test Scenario Sheet
2014-09-25 10:07:17 INFO  FunctionLibrary:49 - Loading Test Data Work Book
2014-09-25 10:07:17 INFO  FunctionLibrary:104 - Passing Parameters Driver Script to ContolScript
2014-09-25 10:07:17 INFO  FunctionLibrary:243 - Navigating to ---https://marketplace.verio.com/
2014-09-25 10:07:19 INFO  FunctionLibrary:304 - Loading Page
2014-09-25 10:07:21 INFO  FunctionLibrary:35 - Selecting Test Scenario From Controller File
2014-09-25 10:07:21 INFO  FunctionLibrary:42 - Navigate To Test Scenario Sheet
2014-09-25 10:07:22 INFO  FunctionLibrary:49 - Loading Test Data Work Book
2014-09-25 10:07:22 INFO  FunctionLibrary:58 - Passing Parameters Driver Script to ContolScript
2014-09-25 10:07:22 INFO  FunctionLibrary:243 - Navigating to ---https://marketplace.verio.com/
2014-09-25 10:07:24 INFO  FunctionLibrary:304 - Loading Page
2014-09-25 10:07:27 INFO  FunctionLibrary:35 - Selecting Test Scenario From Controller File
2014-09-25 10:07:27 INFO  FunctionLibrary:42 - Navigate To Test Scenario Sheet
2014-09-25 10:07:27 INFO  FunctionLibrary:49 - Loading Test Data Work Book
2014-09-25 10:07:27 INFO  FunctionLibrary:81 - Passing Parameters Driver Script to ContolScript
2014-09-25 10:07:27 INFO  FunctionLibrary:243 - Navigating to ---https://marketplace.verio.com/
2014-09-25 10:07:29 INFO  FunctionLibrary:304 - Loading Page
2014-09-25 10:07:29 INFO  FunctionLibrary:299 - Verifying Page Title
2014-09-25 10:07:29 INFO  FunctionLibrary:918 - Excepted Data--------------->>MarketPlace :: Welcome to MarketPlace Powered by Verio
2014-09-25 10:07:29 INFO  FunctionLibrary:919 - Actual Data-------------->>MarketPlace :: Welcome to MarketPlace Powered by Verio
2014-09-25 10:07:29 INFO  FunctionLibrary:159 - Getting the value form WebPage-----
2014-09-25 10:07:30 INFO  FunctionLibrary:844 - Verio Marketplace - Technology Solutions for Your Business.
2014-09-25 10:07:30 INFO  FunctionLibrary:845 - Verio Marketplace - Technology Solutions for Your Business.
2014-09-25 10:07:30 INFO  FunctionLibrary:159 - Getting the value form WebPage-----
2014-09-25 10:07:30 INFO  FunctionLibrary:844 - Our Solutions
2014-09-25 10:07:30 INFO  FunctionLibrary:845 - Our Solutions
2014-09-25 10:07:31 INFO  FunctionLibrary:119 - Test Scenario Result --Pass
2014-09-25 10:07:31 INFO  FunctionLibrary:35 - Selecting Test Scenario From Controller File
2014-09-25 10:07:31 INFO  FunctionLibrary:35 - Selecting Test Scenario From Controller File
2014-09-25 10:07:31 INFO  FunctionLibrary:35 - Selecting Test Scenario From Controller File
2014-09-25 10:07:31 INFO  FunctionLibrary:35 - Selecting Test Scenario From Controller File
2014-09-25 10:07:34 INFO  FunctionLibrary:299 - Verifying Page Title
2014-09-25 10:07:34 INFO  FunctionLibrary:918 - Excepted Data--------------->>MarketPlace :: Welcome to MarketPlace Powered by Verio
2014-09-25 10:07:34 INFO  FunctionLibrary:919 - Actual Data-------------->>MarketPlace :: Welcome to MarketPlace Powered by Verio
2014-09-25 10:07:34 INFO  FunctionLibrary:159 - Getting the value form WebPage-----
2014-09-25 10:07:34 INFO  FunctionLibrary:844 - Verio Marketplace - Technology Solutions for Your Business.
2014-09-25 10:07:34 INFO  FunctionLibrary:845 - Verio Marketplace - Technology Solutions for Your Business.
2014-09-25 10:07:34 INFO  FunctionLibrary:159 - Getting the value form WebPage-----
2014-09-25 10:07:34 INFO  FunctionLibrary:844 - Our Solutions
2014-09-25 10:07:34 INFO  FunctionLibrary:845 - Our Solutions
2014-09-25 10:07:34 INFO  FunctionLibrary:73 - Test Scenario Result --Pass
2014-09-25 10:07:34 INFO  FunctionLibrary:35 - Selecting Test Scenario From Controller File
2014-09-25 10:07:34 INFO  FunctionLibrary:35 - Selecting Test Scenario From Controller File
2014-09-25 10:07:34 INFO  FunctionLibrary:35 - Selecting Test Scenario From Controller File
2014-09-25 10:07:34 INFO  FunctionLibrary:35 - Selecting Test Scenario From Controller File
2014-09-25 10:07:39 INFO  FunctionLibrary:299 - Verifying Page Title
2014-09-25 10:07:39 INFO  FunctionLibrary:918 - Excepted Data--------------->>MarketPlace :: Welcome to MarketPlace Powered by Verio
2014-09-25 10:07:39 INFO  FunctionLibrary:919 - Actual Data-------------->>MarketPlace :: Welcome to MarketPlace Powered by Verio
2014-09-25 10:07:39 INFO  FunctionLibrary:159 - Getting the value form WebPage-----
2014-09-25 10:07:39 INFO  FunctionLibrary:844 - Verio Marketplace - Technology Solutions for Your Business.
2014-09-25 10:07:39 INFO  FunctionLibrary:845 - Verio Marketplace - Technology Solutions for Your Business.
2014-09-25 10:07:39 INFO  FunctionLibrary:159 - Getting the value form WebPage-----
2014-09-25 10:07:39 INFO  FunctionLibrary:844 - Our Solutions
2014-09-25 10:07:39 INFO  FunctionLibrary:845 - Our Solutions
2014-09-25 10:07:40 INFO  FunctionLibrary:96 - Test Scenario Result --Pass
2014-09-25 10:07:40 INFO  FunctionLibrary:35 - Selecting Test Scenario From Controller File
2014-09-25 10:07:40 INFO  FunctionLibrary:35 - Selecting Test Scenario From Controller File
2014-09-25 10:07:40 INFO  FunctionLibrary:35 - Selecting Test Scenario From Controller File
2014-09-25 10:07:40 INFO  FunctionLibrary:35 - Selecting Test Scenario From Controller File
2014-09-25 10:14:33 INFO  FunctionLibrary:35 - Selecting Test Scenario From Controller File
2014-09-25 10:14:33 INFO  FunctionLibrary:42 - Navigate To Test Scenario Sheet
2014-09-25 10:14:33 INFO  FunctionLibrary:49 - Loading Test Data Work Book
2014-09-25 10:14:33 INFO  FunctionLibrary:104 - Passing Parameters Driver Script to ContolScript
2014-09-25 10:14:33 INFO  FunctionLibrary:243 - Navigating to ---https://marketplace.verio.com/
2014-09-25 10:14:35 INFO  FunctionLibrary:304 - Loading Page
2014-09-25 10:14:39 INFO  FunctionLibrary:35 - Selecting Test Scenario From Controller File
2014-09-25 10:14:39 INFO  FunctionLibrary:42 - Navigate To Test Scenario Sheet
2014-09-25 10:14:39 INFO  FunctionLibrary:49 - Loading Test Data Work Book
2014-09-25 10:14:39 INFO  FunctionLibrary:58 - Passing Parameters Driver Script to ContolScript
2014-09-25 10:14:39 INFO  FunctionLibrary:243 - Navigating to ---https://marketplace.verio.com/
2014-09-25 10:14:40 INFO  FunctionLibrary:35 - Selecting Test Scenario From Controller File
2014-09-25 10:14:40 INFO  FunctionLibrary:42 - Navigate To Test Scenario Sheet
2014-09-25 10:14:40 INFO  FunctionLibrary:49 - Loading Test Data Work Book
2014-09-25 10:14:40 INFO  FunctionLibrary:81 - Passing Parameters Driver Script to ContolScript
2014-09-25 10:14:40 INFO  FunctionLibrary:243 - Navigating to ---https://marketplace.verio.com/
2014-09-25 10:14:41 INFO  FunctionLibrary:304 - Loading Page
2014-09-25 10:14:42 INFO  FunctionLibrary:304 - Loading Page
2014-09-25 10:14:45 INFO  FunctionLibrary:299 - Verifying Page Title
2014-09-25 10:14:45 INFO  FunctionLibrary:918 - Excepted Data--------------->>MarketPlace :: Welcome to MarketPlace Powered by Verio
2014-09-25 10:14:45 INFO  FunctionLibrary:919 - Actual Data-------------->>MarketPlace :: Welcome to MarketPlace Powered by Verio
2014-09-25 10:14:45 INFO  FunctionLibrary:159 - Getting the value form WebPage-----
2014-09-25 10:14:46 INFO  FunctionLibrary:844 - Verio Marketplace - Technology Solutions for Your Business.
2014-09-25 10:14:46 INFO  FunctionLibrary:845 - Verio Marketplace - Technology Solutions for Your Business.
2014-09-25 10:14:46 INFO  FunctionLibrary:159 - Getting the value form WebPage-----
2014-09-25 10:14:46 INFO  FunctionLibrary:844 - Our Solutions
2014-09-25 10:14:46 INFO  FunctionLibrary:845 - Our Solutions
2014-09-25 10:14:47 INFO  FunctionLibrary:119 - Test Scenario Result --Pass
2014-09-25 10:14:47 INFO  FunctionLibrary:35 - Selecting Test Scenario From Controller File
2014-09-25 10:14:47 INFO  FunctionLibrary:35 - Selecting Test Scenario From Controller File
2014-09-25 10:14:47 INFO  FunctionLibrary:35 - Selecting Test Scenario From Controller File
2014-09-25 10:14:47 INFO  FunctionLibrary:35 - Selecting Test Scenario From Controller File
2014-09-25 10:14:51 INFO  FunctionLibrary:299 - Verifying Page Title
2014-09-25 10:14:51 INFO  FunctionLibrary:918 - Excepted Data--------------->>MarketPlace :: Welcome to MarketPlace Powered by Verio
2014-09-25 10:14:51 INFO  FunctionLibrary:919 - Actual Data-------------->>MarketPlace :: Welcome to MarketPlace Powered by Verio
2014-09-25 10:14:51 INFO  FunctionLibrary:159 - Getting the value form WebPage-----
2014-09-25 10:14:51 INFO  FunctionLibrary:844 - Verio Marketplace - Technology Solutions for Your Business.
2014-09-25 10:14:51 INFO  FunctionLibrary:845 - Verio Marketplace - Technology Solutions for Your Business.
2014-09-25 10:14:51 INFO  FunctionLibrary:159 - Getting the value form WebPage-----
2014-09-25 10:14:51 INFO  FunctionLibrary:844 - Our Solutions
2014-09-25 10:14:51 INFO  FunctionLibrary:845 - Our Solutions
2014-09-25 10:14:52 INFO  FunctionLibrary:299 - Verifying Page Title
2014-09-25 10:14:52 INFO  FunctionLibrary:918 - Excepted Data--------------->>MarketPlace :: Welcome to MarketPlace Powered by Verio
2014-09-25 10:14:52 INFO  FunctionLibrary:919 - Actual Data-------------->>MarketPlace :: Welcome to MarketPlace Powered by Verio
2014-09-25 10:14:52 INFO  FunctionLibrary:159 - Getting the value form WebPage-----
2014-09-25 10:14:52 INFO  FunctionLibrary:73 - Test Scenario Result --Pass
2014-09-25 10:14:52 INFO  FunctionLibrary:35 - Selecting Test Scenario From Controller File
2014-09-25 10:14:52 INFO  FunctionLibrary:35 - Selecting Test Scenario From Controller File
2014-09-25 10:14:52 INFO  FunctionLibrary:35 - Selecting Test Scenario From Controller File
2014-09-25 10:14:52 INFO  FunctionLibrary:35 - Selecting Test Scenario From Controller File
2014-09-25 10:14:52 INFO  FunctionLibrary:844 - Verio Marketplace - Technology Solutions for Your Business.
2014-09-25 10:14:52 INFO  FunctionLibrary:845 - Verio Marketplace - Technology Solutions for Your Business.
2014-09-25 10:14:52 INFO  FunctionLibrary:159 - Getting the value form WebPage-----
2014-09-25 10:14:53 INFO  FunctionLibrary:844 - Our Solutions
2014-09-25 10:14:53 INFO  FunctionLibrary:845 - Our Solutions
2014-09-25 10:14:53 INFO  FunctionLibrary:96 - Test Scenario Result --Pass
2014-09-25 10:14:53 INFO  FunctionLibrary:35 - Selecting Test Scenario From Controller File
2014-09-25 10:14:53 INFO  FunctionLibrary:35 - Selecting Test Scenario From Controller File
2014-09-25 10:14:53 INFO  FunctionLibrary:35 - Selecting Test Scenario From Controller File
2014-09-25 10:14:53 INFO  FunctionLibrary:35 - Selecting Test Scenario From Controller File
2014-09-25 10:33:42 INFO  FunctionLibrary:35 - Selecting Test Scenario From Controller File
2014-09-25 10:33:42 INFO  FunctionLibrary:42 - Navigate To Test Scenario Sheet
2014-09-25 10:33:42 INFO  FunctionLibrary:49 - Loading Test Data Work Book
2014-09-25 10:33:42 INFO  FunctionLibrary:104 - Passing Parameters Driver Script to ContolScript
2014-09-25 10:33:42 INFO  FunctionLibrary:243 - Navigating to ---https://marketplace.verio.com/
2014-09-25 10:33:46 INFO  FunctionLibrary:304 - Loading Page
2014-09-25 10:33:49 INFO  FunctionLibrary:35 - Selecting Test Scenario From Controller File
2014-09-25 10:33:49 INFO  FunctionLibrary:42 - Navigate To Test Scenario Sheet
2014-09-25 10:33:49 INFO  FunctionLibrary:49 - Loading Test Data Work Book
2014-09-25 10:33:49 INFO  FunctionLibrary:58 - Passing Parameters Driver Script to ContolScript
2014-09-25 10:33:49 INFO  FunctionLibrary:243 - Navigating to ---https://marketplace.verio.com/
2014-09-25 10:33:50 INFO  FunctionLibrary:35 - Selecting Test Scenario From Controller File
2014-09-25 10:33:50 INFO  FunctionLibrary:42 - Navigate To Test Scenario Sheet
2014-09-25 10:33:50 INFO  FunctionLibrary:49 - Loading Test Data Work Book
2014-09-25 10:33:50 INFO  FunctionLibrary:81 - Passing Parameters Driver Script to ContolScript
2014-09-25 10:33:50 INFO  FunctionLibrary:243 - Navigating to ---https://marketplace.verio.com/
2014-09-25 10:33:51 INFO  FunctionLibrary:304 - Loading Page
2014-09-25 10:33:52 INFO  FunctionLibrary:304 - Loading Page
2014-09-25 10:33:56 INFO  FunctionLibrary:299 - Verifying Page Title
2014-09-25 10:33:56 INFO  FunctionLibrary:918 - Excepted Data--------------->>MarketPlace :: Welcome to MarketPlace Powered by Verio
2014-09-25 10:33:56 INFO  FunctionLibrary:919 - Actual Data-------------->>MarketPlace :: Welcome to MarketPlace Powered by Verio
2014-09-25 10:33:56 INFO  FunctionLibrary:159 - Getting the value form WebPage-----
2014-09-25 10:33:56 INFO  FunctionLibrary:844 - Verio Marketplace - Technology Solutions for Your Business.
2014-09-25 10:33:56 INFO  FunctionLibrary:845 - Verio Marketplace - Technology Solutions for Your Business.
2014-09-25 10:33:56 INFO  FunctionLibrary:159 - Getting the value form WebPage-----
2014-09-25 10:33:57 INFO  FunctionLibrary:844 - Our Solutions
2014-09-25 10:33:57 INFO  FunctionLibrary:845 - Our Solutions
2014-09-25 10:33:57 INFO  FunctionLibrary:119 - Test Scenario Result --Pass
2014-09-25 10:33:58 INFO  FunctionLibrary:35 - Selecting Test Scenario From Controller File
2014-09-25 10:33:58 INFO  FunctionLibrary:35 - Selecting Test Scenario From Controller File
2014-09-25 10:33:58 INFO  FunctionLibrary:35 - Selecting Test Scenario From Controller File
2014-09-25 10:33:58 INFO  FunctionLibrary:35 - Selecting Test Scenario From Controller File
2014-09-25 10:34:01 INFO  FunctionLibrary:299 - Verifying Page Title
2014-09-25 10:34:01 INFO  FunctionLibrary:918 - Excepted Data--------------->>MarketPlace :: Welcome to MarketPlace Powered by Verio
2014-09-25 10:34:01 INFO  FunctionLibrary:919 - Actual Data-------------->>MarketPlace :: Welcome to MarketPlace Powered by Verio
2014-09-25 10:34:01 INFO  FunctionLibrary:159 - Getting the value form WebPage-----
2014-09-25 10:34:01 INFO  FunctionLibrary:844 - Verio Marketplace - Technology Solutions for Your Business.
2014-09-25 10:34:01 INFO  FunctionLibrary:845 - Verio Marketplace - Technology Solutions for Your Business.
2014-09-25 10:34:01 INFO  FunctionLibrary:159 - Getting the value form WebPage-----
2014-09-25 10:34:01 INFO  FunctionLibrary:844 - Our Solutions
2014-09-25 10:34:01 INFO  FunctionLibrary:845 - Our Solutions
2014-09-25 10:34:02 INFO  FunctionLibrary:73 - Test Scenario Result --Pass
2014-09-25 10:34:02 INFO  FunctionLibrary:35 - Selecting Test Scenario From Controller File
2014-09-25 10:34:02 INFO  FunctionLibrary:35 - Selecting Test Scenario From Controller File
2014-09-25 10:34:02 INFO  FunctionLibrary:35 - Selecting Test Scenario From Controller File
2014-09-25 10:34:02 INFO  FunctionLibrary:35 - Selecting Test Scenario From Controller File
2014-09-25 10:34:02 INFO  FunctionLibrary:299 - Verifying Page Title
2014-09-25 10:34:02 INFO  FunctionLibrary:918 - Excepted Data--------------->>MarketPlace :: Welcome to MarketPlace Powered by Verio
2014-09-25 10:34:02 INFO  FunctionLibrary:919 - Actual Data-------------->>MarketPlace :: Welcome to MarketPlace Powered by Verio
2014-09-25 10:34:02 INFO  FunctionLibrary:159 - Getting the value form WebPage-----
2014-09-25 10:34:03 INFO  FunctionLibrary:844 - Verio Marketplace - Technology Solutions for Your Business.
2014-09-25 10:34:03 INFO  FunctionLibrary:845 - Verio Marketplace - Technology Solutions for Your Business.
2014-09-25 10:34:03 INFO  FunctionLibrary:159 - Getting the value form WebPage-----
2014-09-25 10:34:03 INFO  FunctionLibrary:844 - Our Solutions
2014-09-25 10:34:03 INFO  FunctionLibrary:845 - Our Solutions
2014-09-25 10:34:03 INFO  FunctionLibrary:96 - Test Scenario Result --Pass
2014-09-25 10:34:03 INFO  FunctionLibrary:35 - Selecting Test Scenario From Controller File
2014-09-25 10:34:03 INFO  FunctionLibrary:35 - Selecting Test Scenario From Controller File
2014-09-25 10:34:03 INFO  FunctionLibrary:35 - Selecting Test Scenario From Controller File
2014-09-25 10:34:03 INFO  FunctionLibrary:35 - Selecting Test Scenario From Controller File
2014-09-25 11:00:27 INFO  FunctionLibrary:35 - Selecting Test Scenario From Controller File
2014-09-25 11:00:27 INFO  FunctionLibrary:42 - Navigate To Test Scenario Sheet
2014-09-25 11:00:27 INFO  FunctionLibrary:49 - Loading Test Data Work Book
2014-09-25 11:00:27 INFO  FunctionLibrary:104 - Passing Parameters Driver Script to ContolScript
2014-09-25 11:00:27 INFO  FunctionLibrary:243 - Navigating to ---https://marketplace.verio.com/
2014-09-25 11:00:29 INFO  FunctionLibrary:304 - Loading Page
2014-09-25 11:00:32 INFO  FunctionLibrary:35 - Selecting Test Scenario From Controller File
2014-09-25 11:00:32 INFO  FunctionLibrary:42 - Navigate To Test Scenario Sheet
2014-09-25 11:00:32 INFO  FunctionLibrary:49 - Loading Test Data Work Book
2014-09-25 11:00:32 INFO  FunctionLibrary:58 - Passing Parameters Driver Script to ContolScript
2014-09-25 11:00:32 INFO  FunctionLibrary:243 - Navigating to ---https://marketplace.verio.com/
2014-09-25 11:00:34 INFO  FunctionLibrary:304 - Loading Page
2014-09-25 11:00:38 INFO  FunctionLibrary:35 - Selecting Test Scenario From Controller File
2014-09-25 11:00:38 INFO  FunctionLibrary:42 - Navigate To Test Scenario Sheet
2014-09-25 11:00:38 INFO  FunctionLibrary:49 - Loading Test Data Work Book
2014-09-25 11:00:38 INFO  FunctionLibrary:81 - Passing Parameters Driver Script to ContolScript
2014-09-25 11:00:38 INFO  FunctionLibrary:243 - Navigating to ---https://marketplace.verio.com/
2014-09-25 11:00:39 INFO  FunctionLibrary:299 - Verifying Page Title
2014-09-25 11:00:40 INFO  FunctionLibrary:918 - Excepted Data--------------->>MarketPlace :: Welcome to MarketPlace Powered by Verio
2014-09-25 11:00:40 INFO  FunctionLibrary:919 - Actual Data-------------->>MarketPlace :: Welcome to MarketPlace Powered by Verio
2014-09-25 11:00:40 INFO  FunctionLibrary:159 - Getting the value form WebPage-----
2014-09-25 11:00:40 INFO  FunctionLibrary:844 - Verio Marketplace - Technology Solutions for Your Business.
2014-09-25 11:00:40 INFO  FunctionLibrary:845 - Verio Marketplace - Technology Solutions for Your Business.
2014-09-25 11:00:40 INFO  FunctionLibrary:159 - Getting the value form WebPage-----
2014-09-25 11:00:40 INFO  FunctionLibrary:304 - Loading Page
2014-09-25 11:00:40 INFO  FunctionLibrary:844 - Our Solutions
2014-09-25 11:00:40 INFO  FunctionLibrary:845 - Our Solutions
2014-09-25 11:00:41 INFO  FunctionLibrary:119 - Test Scenario Result --Pass
2014-09-25 11:00:41 INFO  FunctionLibrary:35 - Selecting Test Scenario From Controller File
2014-09-25 11:00:41 INFO  FunctionLibrary:35 - Selecting Test Scenario From Controller File
2014-09-25 11:00:41 INFO  FunctionLibrary:35 - Selecting Test Scenario From Controller File
2014-09-25 11:00:41 INFO  FunctionLibrary:35 - Selecting Test Scenario From Controller File
2014-09-25 11:00:44 INFO  FunctionLibrary:299 - Verifying Page Title
2014-09-25 11:00:44 INFO  FunctionLibrary:918 - Excepted Data--------------->>MarketPlace :: Welcome to MarketPlace Powered by Verio
2014-09-25 11:00:44 INFO  FunctionLibrary:919 - Actual Data-------------->>MarketPlace :: Welcome to MarketPlace Powered by Verio
2014-09-25 11:00:44 INFO  FunctionLibrary:159 - Getting the value form WebPage-----
2014-09-25 11:00:45 INFO  FunctionLibrary:844 - Verio Marketplace - Technology Solutions for Your Business.
2014-09-25 11:00:45 INFO  FunctionLibrary:845 - Verio Marketplace - Technology Solutions for Your Business.
2014-09-25 11:00:45 INFO  FunctionLibrary:159 - Getting the value form WebPage-----
2014-09-25 11:00:45 INFO  FunctionLibrary:844 - Our Solutions
2014-09-25 11:00:45 INFO  FunctionLibrary:845 - Our Solutions
2014-09-25 11:00:45 INFO  FunctionLibrary:73 - Test Scenario Result --Pass
2014-09-25 11:00:45 INFO  FunctionLibrary:35 - Selecting Test Scenario From Controller File
2014-09-25 11:00:45 INFO  FunctionLibrary:35 - Selecting Test Scenario From Controller File
2014-09-25 11:00:45 INFO  FunctionLibrary:35 - Selecting Test Scenario From Controller File
2014-09-25 11:00:45 INFO  FunctionLibrary:35 - Selecting Test Scenario From Controller File
2014-09-25 11:00:50 INFO  FunctionLibrary:299 - Verifying Page Title
2014-09-25 11:00:50 INFO  FunctionLibrary:918 - Excepted Data--------------->>MarketPlace :: Welcome to MarketPlace Powered by Verio
2014-09-25 11:00:50 INFO  FunctionLibrary:919 - Actual Data-------------->>MarketPlace :: Welcome to MarketPlace Powered by Verio
2014-09-25 11:00:50 INFO  FunctionLibrary:159 - Getting the value form WebPage-----
2014-09-25 11:00:50 INFO  FunctionLibrary:844 - Verio Marketplace - Technology Solutions for Your Business.
2014-09-25 11:00:50 INFO  FunctionLibrary:845 - Verio Marketplace - Technology Solutions for Your Business.
2014-09-25 11:00:50 INFO  FunctionLibrary:159 - Getting the value form WebPage-----
2014-09-25 11:00:51 INFO  FunctionLibrary:844 - Our Solutions
2014-09-25 11:00:51 INFO  FunctionLibrary:845 - Our Solutions
2014-09-25 11:00:51 INFO  FunctionLibrary:96 - Test Scenario Result --Pass
2014-09-25 11:00:51 INFO  FunctionLibrary:35 - Selecting Test Scenario From Controller File
2014-09-25 11:00:51 INFO  FunctionLibrary:35 - Selecting Test Scenario From Controller File
2014-09-25 11:00:51 INFO  FunctionLibrary:35 - Selecting Test Scenario From Controller File
2014-09-25 11:00:51 INFO  FunctionLibrary:35 - Selecting Test Scenario From Controller File
2014-09-25 11:04:37 INFO  FunctionLibrary:35 - Selecting Test Scenario From Controller File
2014-09-25 11:04:37 INFO  FunctionLibrary:42 - Navigate To Test Scenario Sheet
2014-09-25 11:04:37 INFO  FunctionLibrary:49 - Loading Test Data Work Book
2014-09-25 11:04:37 INFO  FunctionLibrary:104 - Passing Parameters Driver Script to ContolScript
2014-09-25 11:04:37 INFO  FunctionLibrary:243 - Navigating to ---https://marketplace.verio.com/
2014-09-25 11:04:39 INFO  FunctionLibrary:304 - Loading Page
2014-09-25 11:04:44 INFO  FunctionLibrary:35 - Selecting Test Scenario From Controller File
2014-09-25 11:04:44 INFO  FunctionLibrary:42 - Navigate To Test Scenario Sheet
2014-09-25 11:04:44 INFO  FunctionLibrary:49 - Loading Test Data Work Book
2014-09-25 11:04:44 INFO  FunctionLibrary:58 - Passing Parameters Driver Script to ContolScript
2014-09-25 11:04:44 INFO  FunctionLibrary:243 - Navigating to ---https://marketplace.verio.com/
2014-09-25 11:04:45 INFO  FunctionLibrary:35 - Selecting Test Scenario From Controller File
2014-09-25 11:04:45 INFO  FunctionLibrary:42 - Navigate To Test Scenario Sheet
2014-09-25 11:04:46 INFO  FunctionLibrary:49 - Loading Test Data Work Book
2014-09-25 11:04:46 INFO  FunctionLibrary:81 - Passing Parameters Driver Script to ContolScript
2014-09-25 11:04:46 INFO  FunctionLibrary:243 - Navigating to ---https://marketplace.verio.com/
2014-09-25 11:04:46 INFO  FunctionLibrary:304 - Loading Page
2014-09-25 11:04:47 INFO  FunctionLibrary:304 - Loading Page
2014-09-25 11:04:49 INFO  FunctionLibrary:299 - Verifying Page Title
2014-09-25 11:04:49 INFO  FunctionLibrary:918 - Excepted Data--------------->>MarketPlace :: Welcome to MarketPlace Powered by Verio
2014-09-25 11:04:49 INFO  FunctionLibrary:919 - Actual Data-------------->>MarketPlace :: Welcome to MarketPlace Powered by Verio
2014-09-25 11:04:49 INFO  FunctionLibrary:159 - Getting the value form WebPage-----
2014-09-25 11:04:49 INFO  FunctionLibrary:844 - Verio Marketplace - Technology Solutions for Your Business.
2014-09-25 11:04:49 INFO  FunctionLibrary:845 - Verio Marketplace - Technology Solutions for Your Business.
2014-09-25 11:04:49 INFO  FunctionLibrary:159 - Getting the value form WebPage-----
2014-09-25 11:04:50 INFO  FunctionLibrary:844 - Our Solutions
2014-09-25 11:04:50 INFO  FunctionLibrary:845 - Our Solutions
2014-09-25 11:04:50 INFO  FunctionLibrary:119 - Test Scenario Result --Pass
2014-09-25 11:04:51 INFO  FunctionLibrary:35 - Selecting Test Scenario From Controller File
2014-09-25 11:04:51 INFO  FunctionLibrary:35 - Selecting Test Scenario From Controller File
2014-09-25 11:04:51 INFO  FunctionLibrary:35 - Selecting Test Scenario From Controller File
2014-09-25 11:04:51 INFO  FunctionLibrary:35 - Selecting Test Scenario From Controller File
2014-09-25 11:04:56 INFO  FunctionLibrary:299 - Verifying Page Title
2014-09-25 11:04:56 INFO  FunctionLibrary:918 - Excepted Data--------------->>MarketPlace :: Welcome to MarketPlace Powered by Verio
2014-09-25 11:04:56 INFO  FunctionLibrary:919 - Actual Data-------------->>MarketPlace :: Welcome to MarketPlace Powered by Verio
2014-09-25 11:04:56 INFO  FunctionLibrary:159 - Getting the value form WebPage-----
2014-09-25 11:04:56 INFO  FunctionLibrary:844 - Verio Marketplace - Technology Solutions for Your Business.
2014-09-25 11:04:56 INFO  FunctionLibrary:845 - Verio Marketplace - Technology Solutions for Your Business.
2014-09-25 11:04:56 INFO  FunctionLibrary:159 - Getting the value form WebPage-----
2014-09-25 11:04:56 INFO  FunctionLibrary:844 - Our Solutions
2014-09-25 11:04:56 INFO  FunctionLibrary:845 - Our Solutions
2014-09-25 11:04:57 INFO  FunctionLibrary:73 - Test Scenario Result --Pass
2014-09-25 11:04:57 INFO  FunctionLibrary:35 - Selecting Test Scenario From Controller File
2014-09-25 11:04:57 INFO  FunctionLibrary:35 - Selecting Test Scenario From Controller File
2014-09-25 11:04:57 INFO  FunctionLibrary:35 - Selecting Test Scenario From Controller File
2014-09-25 11:04:57 INFO  FunctionLibrary:35 - Selecting Test Scenario From Controller File
2014-09-25 11:04:57 INFO  FunctionLibrary:299 - Verifying Page Title
2014-09-25 11:04:57 INFO  FunctionLibrary:918 - Excepted Data--------------->>MarketPlace :: Welcome to MarketPlace Powered by Verio
2014-09-25 11:04:57 INFO  FunctionLibrary:919 - Actual Data-------------->>MarketPlace :: Welcome to MarketPlace Powered by Verio
2014-09-25 11:04:57 INFO  FunctionLibrary:159 - Getting the value form WebPage-----
2014-09-25 11:04:57 INFO  FunctionLibrary:844 - Verio Marketplace - Technology Solutions for Your Business.
2014-09-25 11:04:57 INFO  FunctionLibrary:845 - Verio Marketplace - Technology Solutions for Your Business.
2014-09-25 11:04:57 INFO  FunctionLibrary:159 - Getting the value form WebPage-----
2014-09-25 11:04:57 INFO  FunctionLibrary:844 - Our Solutions
2014-09-25 11:04:57 INFO  FunctionLibrary:845 - Our Solutions
2014-09-25 11:04:58 INFO  FunctionLibrary:96 - Test Scenario Result --Pass
2014-09-25 11:04:58 INFO  FunctionLibrary:35 - Selecting Test Scenario From Controller File
2014-09-25 11:04:58 INFO  FunctionLibrary:35 - Selecting Test Scenario From Controller File
2014-09-25 11:04:58 INFO  FunctionLibrary:35 - Selecting Test Scenario From Controller File
2014-09-25 11:04:58 INFO  FunctionLibrary:35 - Selecting Test Scenario From Controller File
2014-09-25 11:30:07 INFO  FunctionLibrary:35 - Selecting Test Scenario From Controller File
2014-09-25 11:30:07 INFO  FunctionLibrary:42 - Navigate To Test Scenario Sheet
2014-09-25 11:30:08 INFO  FunctionLibrary:49 - Loading Test Data Work Book
2014-09-25 11:30:08 INFO  FunctionLibrary:104 - Passing Parameters Driver Script to ContolScript
2014-09-25 11:30:08 INFO  FunctionLibrary:243 - Navigating to ---https://marketplace.verio.com/
2014-09-25 11:30:09 INFO  FunctionLibrary:304 - Loading Page
2014-09-25 11:30:15 INFO  FunctionLibrary:35 - Selecting Test Scenario From Controller File
2014-09-25 11:30:15 INFO  FunctionLibrary:42 - Navigate To Test Scenario Sheet
2014-09-25 11:30:15 INFO  FunctionLibrary:49 - Loading Test Data Work Book
2014-09-25 11:30:15 INFO  FunctionLibrary:58 - Passing Parameters Driver Script to ContolScript
2014-09-25 11:30:15 INFO  FunctionLibrary:243 - Navigating to ---https://marketplace.verio.com/
2014-09-25 11:30:16 INFO  FunctionLibrary:35 - Selecting Test Scenario From Controller File
2014-09-25 11:30:16 INFO  FunctionLibrary:42 - Navigate To Test Scenario Sheet
2014-09-25 11:30:16 INFO  FunctionLibrary:49 - Loading Test Data Work Book
2014-09-25 11:30:16 INFO  FunctionLibrary:81 - Passing Parameters Driver Script to ContolScript
2014-09-25 11:30:16 INFO  FunctionLibrary:243 - Navigating to ---https://marketplace.verio.com/
2014-09-25 11:30:18 INFO  FunctionLibrary:304 - Loading Page
2014-09-25 11:30:19 INFO  FunctionLibrary:304 - Loading Page
2014-09-25 11:30:19 INFO  FunctionLibrary:299 - Verifying Page Title
2014-09-25 11:30:19 INFO  FunctionLibrary:918 - Excepted Data--------------->>MarketPlace :: Welcome to MarketPlace Powered by Verio
2014-09-25 11:30:19 INFO  FunctionLibrary:919 - Actual Data-------------->>MarketPlace :: Welcome to MarketPlace Powered by Verio
2014-09-25 11:30:19 INFO  FunctionLibrary:159 - Getting the value form WebPage-----
2014-09-25 11:30:20 INFO  FunctionLibrary:844 - Verio Marketplace - Technology Solutions for Your Business.
2014-09-25 11:30:20 INFO  FunctionLibrary:845 - Verio Marketplace - Technology Solutions for Your Business.
2014-09-25 11:30:20 INFO  FunctionLibrary:159 - Getting the value form WebPage-----
2014-09-25 11:30:20 INFO  FunctionLibrary:844 - Our Solutions
2014-09-25 11:30:20 INFO  FunctionLibrary:845 - Our Solutions
2014-09-25 11:30:21 INFO  FunctionLibrary:119 - Test Scenario Result --Pass
2014-09-25 11:30:21 INFO  FunctionLibrary:35 - Selecting Test Scenario From Controller File
2014-09-25 11:30:21 INFO  FunctionLibrary:35 - Selecting Test Scenario From Controller File
2014-09-25 11:30:21 INFO  FunctionLibrary:35 - Selecting Test Scenario From Controller File
2014-09-25 11:30:21 INFO  FunctionLibrary:35 - Selecting Test Scenario From Controller File
2014-09-25 11:30:28 INFO  FunctionLibrary:299 - Verifying Page Title
2014-09-25 11:30:28 INFO  FunctionLibrary:918 - Excepted Data--------------->>MarketPlace :: Welcome to MarketPlace Powered by Verio
2014-09-25 11:30:28 INFO  FunctionLibrary:919 - Actual Data-------------->>MarketPlace :: Welcome to MarketPlace Powered by Verio
2014-09-25 11:30:28 INFO  FunctionLibrary:159 - Getting the value form WebPage-----
2014-09-25 11:30:28 INFO  FunctionLibrary:844 - Verio Marketplace - Technology Solutions for Your Business.
2014-09-25 11:30:28 INFO  FunctionLibrary:845 - Verio Marketplace - Technology Solutions for Your Business.
2014-09-25 11:30:28 INFO  FunctionLibrary:159 - Getting the value form WebPage-----
2014-09-25 11:30:28 INFO  FunctionLibrary:844 - Our Solutions
2014-09-25 11:30:28 INFO  FunctionLibrary:845 - Our Solutions
2014-09-25 11:30:29 INFO  FunctionLibrary:299 - Verifying Page Title
2014-09-25 11:30:29 INFO  FunctionLibrary:918 - Excepted Data--------------->>MarketPlace :: Welcome to MarketPlace Powered by Verio
2014-09-25 11:30:29 INFO  FunctionLibrary:919 - Actual Data-------------->>MarketPlace :: Welcome to MarketPlace Powered by Verio
2014-09-25 11:30:29 INFO  FunctionLibrary:159 - Getting the value form WebPage-----
2014-09-25 11:30:29 INFO  FunctionLibrary:73 - Test Scenario Result --Pass
2014-09-25 11:30:29 INFO  FunctionLibrary:35 - Selecting Test Scenario From Controller File
2014-09-25 11:30:29 INFO  FunctionLibrary:35 - Selecting Test Scenario From Controller File
2014-09-25 11:30:29 INFO  FunctionLibrary:35 - Selecting Test Scenario From Controller File
2014-09-25 11:30:29 INFO  FunctionLibrary:35 - Selecting Test Scenario From Controller File
2014-09-25 11:30:29 INFO  FunctionLibrary:844 - Verio Marketplace - Technology Solutions for Your Business.
2014-09-25 11:30:29 INFO  FunctionLibrary:845 - Verio Marketplace - Technology Solutions for Your Business.
2014-09-25 11:30:29 INFO  FunctionLibrary:159 - Getting the value form WebPage-----
2014-09-25 11:30:29 INFO  FunctionLibrary:844 - Our Solutions
2014-09-25 11:30:29 INFO  FunctionLibrary:845 - Our Solutions
2014-09-25 11:30:29 INFO  FunctionLibrary:96 - Test Scenario Result --Pass
2014-09-25 11:30:29 INFO  FunctionLibrary:35 - Selecting Test Scenario From Controller File
2014-09-25 11:30:29 INFO  FunctionLibrary:35 - Selecting Test Scenario From Controller File
2014-09-25 11:30:29 INFO  FunctionLibrary:35 - Selecting Test Scenario From Controller File
2014-09-25 11:30:29 INFO  FunctionLibrary:35 - Selecting Test Scenario From Controller File
2014-09-25 12:45:40 INFO  FunctionLibrary:35 - Selecting Test Scenario From Controller File
2014-09-25 12:45:40 INFO  FunctionLibrary:42 - Navigate To Test Scenario Sheet
2014-09-25 12:45:40 INFO  FunctionLibrary:49 - Loading Test Data Work Book
2014-09-25 12:45:40 INFO  FunctionLibrary:104 - Passing Parameters Driver Script to ContolScript
2014-09-25 12:45:40 INFO  FunctionLibrary:243 - Navigating to ---https://marketplace.verio.com/
2014-09-25 12:45:42 INFO  FunctionLibrary:304 - Loading Page
2014-09-25 17:52:08 INFO  RetryExec:93 - I/O exception (java.net.SocketException) caught when processing request: Permission denied: connect
2014-09-25 17:52:08 INFO  RetryExec:93 - I/O exception (java.net.SocketException) caught when processing request: Permission denied: connect
2014-09-25 17:52:08 INFO  RetryExec:93 - I/O exception (java.net.SocketException) caught when processing request: Permission denied: connect
2014-09-25 17:52:08 INFO  RetryExec:106 - Retrying request
2014-09-25 17:52:08 INFO  RetryExec:106 - Retrying request
2014-09-25 17:52:08 INFO  RetryExec:106 - Retrying request
2014-09-25 17:52:09 INFO  RetryExec:93 - I/O exception (java.net.SocketException) caught when processing request: Permission denied: connect
2014-09-25 17:52:09 INFO  RetryExec:93 - I/O exception (java.net.SocketException) caught when processing request: Permission denied: connect
2014-09-25 17:52:09 INFO  RetryExec:106 - Retrying request
2014-09-25 17:52:09 INFO  RetryExec:106 - Retrying request
2014-09-25 17:52:09 INFO  RetryExec:93 - I/O exception (java.net.SocketException) caught when processing request: Permission denied: connect
2014-09-25 17:52:09 INFO  RetryExec:106 - Retrying request
2014-09-25 17:52:10 INFO  RetryExec:93 - I/O exception (java.net.SocketException) caught when processing request: Permission denied: connect
2014-09-25 17:52:10 INFO  RetryExec:106 - Retrying request
2014-09-25 17:52:10 INFO  RetryExec:93 - I/O exception (java.net.SocketException) caught when processing request: Permission denied: connect
2014-09-25 17:52:10 INFO  RetryExec:93 - I/O exception (java.net.SocketException) caught when processing request: Permission denied: connect
2014-09-25 17:52:10 INFO  RetryExec:106 - Retrying request
2014-09-25 17:52:10 INFO  RetryExec:106 - Retrying request
